<?xml version="1.0" encoding="UTF-8" ?>
<testsuite failures="0" time="0.071" errors="0" skipped="0" tests="1" name="tikouka.nl.wps.soildemo.AppTest">
  <properties>
    <property name="java.runtime.name" value="Java(TM) SE Runtime Environment"/>
    <property name="sun.boot.library.path" value="/usr/lib/jvm/java-6-sun-1.6.0.20/jre/lib/amd64"/>
    <property name="java.vm.version" value="16.3-b01"/>
    <property name="java.vm.vendor" value="Sun Microsystems Inc."/>
    <property name="java.vendor.url" value="http://java.sun.com/"/>
    <property name="path.separator" value=":"/>
    <property name="java.vm.name" value="Java HotSpot(TM) 64-Bit Server VM"/>
    <property name="file.encoding.pkg" value="sun.io"/>
    <property name="user.country" value="US"/>
    <property name="sun.java.launcher" value="SUN_STANDARD"/>
    <property name="sun.os.patch.level" value="unknown"/>
    <property name="java.vm.specification.name" value="Java Virtual Machine Specification"/>
    <property name="user.dir" value="/home/niels/code/tikouka/52n-wps-tikouka"/>
    <property name="java.runtime.version" value="1.6.0_20-b02"/>
    <property name="java.awt.graphicsenv" value="sun.awt.X11GraphicsEnvironment"/>
    <property name="basedir" value="/home/niels/code/tikouka/52n-wps-tikouka"/>
    <property name="java.endorsed.dirs" value="/usr/lib/jvm/java-6-sun-1.6.0.20/jre/lib/endorsed"/>
    <property name="os.arch" value="amd64"/>
    <property name="surefire.real.class.path" value="/tmp/surefirebooter6948942802690716473.jar"/>
    <property name="java.io.tmpdir" value="/tmp"/>
    <property name="line.separator" value="
"/>
    <property name="java.vm.specification.vendor" value="Sun Microsystems Inc."/>
    <property name="os.name" value="Linux"/>
    <property name="sun.jnu.encoding" value="UTF-8"/>
    <property name="java.library.path" value="/usr/lib/jvm/java-6-sun-1.6.0.20/jre/lib/amd64/server:/usr/lib/jvm/java-6-sun-1.6.0.20/jre/lib/amd64:/usr/lib/jvm/java-6-sun-1.6.0.20/jre/../lib/amd64:/usr/java/packages/lib/amd64:/usr/lib64:/lib64:/lib:/usr/lib"/>
    <property name="surefire.test.class.path" value="/home/niels/code/tikouka/52n-wps-tikouka/target/test-classes:/home/niels/code/tikouka/52n-wps-tikouka/target/classes:/home/niels/.m2/repository/org/n52/wps/52n-wps-io/2.0-rc5-SNAPSHOT/52n-wps-io-2.0-rc5-SNAPSHOT.jar:/home/niels/.m2/repository/commons-logging/commons-logging/1.0.4/commons-logging-1.0.4.jar:/home/niels/.m2/repository/com/vividsolutions/jts/1.10/jts-1.10.jar:/home/niels/.m2/repository/log4j/log4j/1.2.14/log4j-1.2.14.jar:/home/niels/.m2/repository/org/geotools/gt-main/2.6.1/gt-main-2.6.1.jar:/home/niels/.m2/repository/org/geotools/gt-api/2.6.1/gt-api-2.6.1.jar:/home/niels/.m2/repository/org/geotools/gt-referencing/2.6.1/gt-referencing-2.6.1.jar:/home/niels/.m2/repository/java3d/vecmath/1.3.2/vecmath-1.3.2.jar:/home/niels/.m2/repository/commons-pool/commons-pool/1.5.3/commons-pool-1.5.3.jar:/home/niels/.m2/repository/org/geotools/gt-metadata/2.6.1/gt-metadata-2.6.1.jar:/home/niels/.m2/repository/org/opengis/geoapi/2.3-M1/geoapi-2.3-M1.jar:/home/niels/.m2/repository/net/java/dev/jsr-275/jsr-275/1.0-beta-2/jsr-275-1.0-beta-2.jar:/home/niels/.m2/repository/org/opengis/geoapi-pending/2.3-M1/geoapi-pending-2.3-M1.jar:/home/niels/.m2/repository/jdom/jdom/1.0/jdom-1.0.jar:/home/niels/.m2/repository/commons-beanutils/commons-beanutils/1.7.0/commons-beanutils-1.7.0.jar:/home/niels/.m2/repository/org/geotools/gt-arcgrid/2.6.1/gt-arcgrid-2.6.1.jar:/home/niels/.m2/repository/org/geotools/gt-coverage/2.6.1/gt-coverage-2.6.1.jar:/home/niels/.m2/repository/org/geotools/gt-epsg-hsql/2.6.1/gt-epsg-hsql-2.6.1.jar:/home/niels/.m2/repository/hsqldb/hsqldb/1.8.0.7/hsqldb-1.8.0.7.jar:/home/niels/.m2/repository/it/geosolutions/imageio-ext/imageio-ext-arcgrid/1.0.5/imageio-ext-arcgrid-1.0.5.jar:/home/niels/.m2/repository/it/geosolutions/imageio-ext/imageio-ext-customstreams/1.0.5/imageio-ext-customstreams-1.0.5.jar:/home/niels/.m2/repository/it/geosolutions/imageio-ext/imageio-ext-utilities/1.0.5/imageio-ext-utilities-1.0.5.jar:/home/niels/.m2/repository/javax/media/jai_core/1.1.3/jai_core-1.1.3.jar:/home/niels/.m2/repository/javax/media/jai_codec/1.1.3/jai_codec-1.1.3.jar:/home/niels/.m2/repository/javax/media/jai_imageio/1.1/jai_imageio-1.1.jar:/home/niels/.m2/repository/org/geotools/xsd/gt-xsd-gml3/2.6.1/gt-xsd-gml3-2.6.1.jar:/home/niels/.m2/repository/org/geotools/xsd/gt-xsd-core/2.6.1/gt-xsd-core-2.6.1.jar:/home/niels/.m2/repository/org/geotools/gt-graph/2.6.1/gt-graph-2.6.1.jar:/home/niels/.m2/repository/picocontainer/picocontainer/1.2/picocontainer-1.2.jar:/home/niels/.m2/repository/xml-apis/xml-apis/1.3.04/xml-apis-1.3.04.jar:/home/niels/.m2/repository/xerces/xercesImpl/2.7.1/xercesImpl-2.7.1.jar:/home/niels/.m2/repository/xml-apis/xml-apis-xerces/2.7.1/xml-apis-xerces-2.7.1.jar:/home/niels/.m2/repository/commons-jxpath/commons-jxpath/1.2/commons-jxpath-1.2.jar:/home/niels/.m2/repository/ant/ant-optional/1.5.1/ant-optional-1.5.1.jar:/home/niels/.m2/repository/commons-collections/commons-collections/3.2/commons-collections-3.2.jar:/home/niels/.m2/repository/org/eclipse/xsd/xsd/2.2.2/xsd-2.2.2.jar:/home/niels/.m2/repository/org/eclipse/emf/common/2.2.1/common-2.2.1.jar:/home/niels/.m2/repository/org/eclipse/emf/ecore/2.2.2/ecore-2.2.2.jar:/home/niels/.m2/repository/org/geotools/xsd/gt-xsd-gml2/2.6.1/gt-xsd-gml2-2.6.1.jar:/home/niels/.m2/repository/org/geotools/gt-xml/2.6.1/gt-xml-2.6.1.jar:/home/niels/.m2/repository/org/geotools/gt-geotiff/2.6.1/gt-geotiff-2.6.1.jar:/home/niels/.m2/repository/it/geosolutions/imageio-ext/imageio-ext-tiff/1.0.5/imageio-ext-tiff-1.0.5.jar:/home/niels/.m2/repository/org/n52/wps/gmlpacket-2.0/0.4/gmlpacket-2.0-0.4.jar:/home/niels/.m2/repository/commons-io/commons-io/1.3.1/commons-io-1.3.1.jar:/home/niels/.m2/repository/org/n52/wps/52n-wps-commons/2.0-rc5-SNAPSHOT/52n-wps-commons-2.0-rc5-SNAPSHOT.jar:/home/niels/.m2/repository/org/n52/wps/52n-wps-config/1.0.1/52n-wps-config-1.0.1.jar:/home/niels/.m2/repository/org/apache/xmlbeans/xmlbeans/2.4.0/xmlbeans-2.4.0.jar:/home/niels/.m2/repository/stax/stax-api/1.0.1/stax-api-1.0.1.jar:/home/niels/.m2/repository/javax/xml/bind/jsr173_api/1.0/jsr173_api-1.0.jar:/home/niels/.m2/repository/org/n52/wps/ogckml2.2/1.0.0/ogckml2.2-1.0.0.jar:/home/niels/.m2/repository/axis/axis/1.4/axis-1.4.jar:/home/niels/.m2/repository/axis/axis-jaxrpc/1.4/axis-jaxrpc-1.4.jar:/home/niels/.m2/repository/axis/axis-saaj/1.4/axis-saaj-1.4.jar:/home/niels/.m2/repository/axis/axis-wsdl4j/1.5.1/axis-wsdl4j-1.5.1.jar:/home/niels/.m2/repository/commons-discovery/commons-discovery/0.2/commons-discovery-0.2.jar:/home/niels/.m2/repository/org/geotools/gt-shapefile/2.6.1/gt-shapefile-2.6.1.jar:/home/niels/.m2/repository/xalan/xalan/2.7.1/xalan-2.7.1.jar:/home/niels/.m2/repository/xalan/serializer/2.7.1/serializer-2.7.1.jar:/home/niels/.m2/repository/org/n52/wps/52n-wps-server/2.0-rc5-SNAPSHOT/52n-wps-server-2.0-rc5-SNAPSHOT.jar:/home/niels/.m2/repository/org/n52/wps/52n-wps-xml/1.0.0/52n-wps-xml-1.0.0.jar:/home/niels/.m2/repository/org/apache/derby/derby/10.2.2.0/derby-10.2.2.0.jar:/home/niels/.m2/repository/org/apache/axis2/axis2/1.5/axis2-1.5.jar:/home/niels/.m2/repository/org/apache/ws/commons/axiom/axiom-impl/1.2.8/axiom-impl-1.2.8.jar:/home/niels/.m2/repository/org/apache/ws/commons/axiom/axiom-api/1.2.8/axiom-api-1.2.8.jar:/home/niels/.m2/repository/org/apache/geronimo/specs/geronimo-activation_1.1_spec/1.0.1/geronimo-activation_1.1_spec-1.0.1.jar:/home/niels/.m2/repository/org/apache/geronimo/specs/geronimo-javamail_1.4_spec/1.2/geronimo-javamail_1.4_spec-1.2.jar:/home/niels/.m2/repository/jaxen/jaxen/1.1.1/jaxen-1.1.1.jar:/home/niels/.m2/repository/org/apache/geronimo/specs/geronimo-stax-api_1.0_spec/1.0.1/geronimo-stax-api_1.0_spec-1.0.1.jar:/home/niels/.m2/repository/org/codehaus/woodstox/wstx-asl/3.2.4/wstx-asl-3.2.4.jar:/home/niels/.m2/repository/org/apache/ws/commons/axiom/axiom-dom/1.2.8/axiom-dom-1.2.8.jar:/home/niels/.m2/repository/org/apache/rampart/rampart-core/1.4/rampart-core-1.4.jar:/home/niels/.m2/repository/org/apache/rampart/rampart-policy/1.4/rampart-policy-1.4.jar:/home/niels/.m2/repository/org/apache/axis2/axis2-kernel/1.4/axis2-kernel-1.4.jar:/home/niels/.m2/repository/javax/servlet/servlet-api/2.3/servlet-api-2.3.jar:/home/niels/.m2/repository/commons-httpclient/commons-httpclient/3.1/commons-httpclient-3.1.jar:/home/niels/.m2/repository/commons-codec/commons-codec/1.3/commons-codec-1.3.jar:/home/niels/.m2/repository/commons-fileupload/commons-fileupload/1.2/commons-fileupload-1.2.jar:/home/niels/.m2/repository/org/apache/httpcomponents/httpcore/4.0-beta1/httpcore-4.0-beta1.jar:/home/niels/.m2/repository/org/apache/httpcomponents/httpcore-nio/4.0-beta1/httpcore-nio-4.0-beta1.jar:/home/niels/.m2/repository/wsdl4j/wsdl4j/1.6.2/wsdl4j-1.6.2.jar:/home/niels/.m2/repository/backport-util-concurrent/backport-util-concurrent/3.1/backport-util-concurrent-3.1.jar:/home/niels/.m2/repository/org/apache/ws/commons/schema/XmlSchema/1.4.2/XmlSchema-1.4.2.jar:/home/niels/.m2/repository/org/apache/neethi/neethi/2.0.4/neethi-2.0.4.jar:/home/niels/.m2/repository/org/apache/woden/woden-api/1.0M8/woden-api-1.0M8.jar:/home/niels/.m2/repository/org/apache/ant/ant/1.7.0/ant-1.7.0.jar:/home/niels/.m2/repository/org/apache/ant/ant-launcher/1.7.0/ant-launcher-1.7.0.jar:/home/niels/.m2/repository/xerces/xmlParserAPIs/2.6.0/xmlParserAPIs-2.6.0.jar:/home/niels/.m2/repository/org/apache/woden/woden-impl-dom/1.0M8/woden-impl-dom-1.0M8.jar:/home/niels/.m2/repository/annogen/annogen/0.1.0/annogen-0.1.0.jar:/home/niels/.m2/repository/org/apache/geronimo/specs/geronimo-jms_1.1_spec/1.1/geronimo-jms_1.1_spec-1.1.jar:/home/niels/.m2/repository/javax/mail/mail/1.4/mail-1.4.jar:/home/niels/.m2/repository/javax/activation/activation/1.1/activation-1.1.jar:/home/niels/.m2/repository/org/apache/axis2/axis2-codegen/1.4/axis2-codegen-1.4.jar:/home/niels/.m2/repository/org/apache/axis2/axis2-adb/1.4/axis2-adb-1.4.jar:/home/niels/.m2/repository/org/apache/axis2/axis2-xmlbeans/1.4/axis2-xmlbeans-1.4.jar:/home/niels/.m2/repository/org/apache/axis2/axis2-adb-codegen/1.4/axis2-adb-codegen-1.4.jar:/home/niels/.m2/repository/org/apache/axis2/mex/1.4/mex-1.4-impl.jar:/home/niels/.m2/repository/org/apache/axis2/axis2-mtompolicy/1.4/axis2-mtompolicy-1.4.jar:/home/niels/.m2/repository/org/apache/ws/security/wss4j/1.5.4/wss4j-1.5.4.jar:/home/niels/.m2/repository/org/apache/santuario/xmlsec/1.4.1/xmlsec-1.4.1.jar:/home/niels/.m2/repository/org/apache/axis/axis-ant/1.4/axis-ant-1.4.jar:/home/niels/.m2/repository/junit/junit/3.8.1/junit-3.8.1.jar:/home/niels/.m2/repository/bouncycastle/bcprov-jdk13/132/bcprov-jdk13-132.jar:/home/niels/.m2/repository/org/apache/rampart/rampart-trust/1.4/rampart-trust-1.4.jar:"/>
    <property name="java.specification.name" value="Java Platform API Specification"/>
    <property name="java.class.version" value="50.0"/>
    <property name="sun.management.compiler" value="HotSpot 64-Bit Server Compiler"/>
    <property name="os.version" value="2.6.32-24-generic"/>
    <property name="user.home" value="/home/niels"/>
    <property name="user.timezone" value=""/>
    <property name="java.awt.printerjob" value="sun.print.PSPrinterJob"/>
    <property name="file.encoding" value="UTF-8"/>
    <property name="java.specification.version" value="1.6"/>
    <property name="user.name" value="niels"/>
    <property name="java.class.path" value="/home/niels/code/tikouka/52n-wps-tikouka/target/test-classes:/home/niels/code/tikouka/52n-wps-tikouka/target/classes:/home/niels/.m2/repository/org/n52/wps/52n-wps-io/2.0-rc5-SNAPSHOT/52n-wps-io-2.0-rc5-SNAPSHOT.jar:/home/niels/.m2/repository/commons-logging/commons-logging/1.0.4/commons-logging-1.0.4.jar:/home/niels/.m2/repository/com/vividsolutions/jts/1.10/jts-1.10.jar:/home/niels/.m2/repository/log4j/log4j/1.2.14/log4j-1.2.14.jar:/home/niels/.m2/repository/org/geotools/gt-main/2.6.1/gt-main-2.6.1.jar:/home/niels/.m2/repository/org/geotools/gt-api/2.6.1/gt-api-2.6.1.jar:/home/niels/.m2/repository/org/geotools/gt-referencing/2.6.1/gt-referencing-2.6.1.jar:/home/niels/.m2/repository/java3d/vecmath/1.3.2/vecmath-1.3.2.jar:/home/niels/.m2/repository/commons-pool/commons-pool/1.5.3/commons-pool-1.5.3.jar:/home/niels/.m2/repository/org/geotools/gt-metadata/2.6.1/gt-metadata-2.6.1.jar:/home/niels/.m2/repository/org/opengis/geoapi/2.3-M1/geoapi-2.3-M1.jar:/home/niels/.m2/repository/net/java/dev/jsr-275/jsr-275/1.0-beta-2/jsr-275-1.0-beta-2.jar:/home/niels/.m2/repository/org/opengis/geoapi-pending/2.3-M1/geoapi-pending-2.3-M1.jar:/home/niels/.m2/repository/jdom/jdom/1.0/jdom-1.0.jar:/home/niels/.m2/repository/commons-beanutils/commons-beanutils/1.7.0/commons-beanutils-1.7.0.jar:/home/niels/.m2/repository/org/geotools/gt-arcgrid/2.6.1/gt-arcgrid-2.6.1.jar:/home/niels/.m2/repository/org/geotools/gt-coverage/2.6.1/gt-coverage-2.6.1.jar:/home/niels/.m2/repository/org/geotools/gt-epsg-hsql/2.6.1/gt-epsg-hsql-2.6.1.jar:/home/niels/.m2/repository/hsqldb/hsqldb/1.8.0.7/hsqldb-1.8.0.7.jar:/home/niels/.m2/repository/it/geosolutions/imageio-ext/imageio-ext-arcgrid/1.0.5/imageio-ext-arcgrid-1.0.5.jar:/home/niels/.m2/repository/it/geosolutions/imageio-ext/imageio-ext-customstreams/1.0.5/imageio-ext-customstreams-1.0.5.jar:/home/niels/.m2/repository/it/geosolutions/imageio-ext/imageio-ext-utilities/1.0.5/imageio-ext-utilities-1.0.5.jar:/home/niels/.m2/repository/javax/media/jai_core/1.1.3/jai_core-1.1.3.jar:/home/niels/.m2/repository/javax/media/jai_codec/1.1.3/jai_codec-1.1.3.jar:/home/niels/.m2/repository/javax/media/jai_imageio/1.1/jai_imageio-1.1.jar:/home/niels/.m2/repository/org/geotools/xsd/gt-xsd-gml3/2.6.1/gt-xsd-gml3-2.6.1.jar:/home/niels/.m2/repository/org/geotools/xsd/gt-xsd-core/2.6.1/gt-xsd-core-2.6.1.jar:/home/niels/.m2/repository/org/geotools/gt-graph/2.6.1/gt-graph-2.6.1.jar:/home/niels/.m2/repository/picocontainer/picocontainer/1.2/picocontainer-1.2.jar:/home/niels/.m2/repository/xml-apis/xml-apis/1.3.04/xml-apis-1.3.04.jar:/home/niels/.m2/repository/xerces/xercesImpl/2.7.1/xercesImpl-2.7.1.jar:/home/niels/.m2/repository/xml-apis/xml-apis-xerces/2.7.1/xml-apis-xerces-2.7.1.jar:/home/niels/.m2/repository/commons-jxpath/commons-jxpath/1.2/commons-jxpath-1.2.jar:/home/niels/.m2/repository/ant/ant-optional/1.5.1/ant-optional-1.5.1.jar:/home/niels/.m2/repository/commons-collections/commons-collections/3.2/commons-collections-3.2.jar:/home/niels/.m2/repository/org/eclipse/xsd/xsd/2.2.2/xsd-2.2.2.jar:/home/niels/.m2/repository/org/eclipse/emf/common/2.2.1/common-2.2.1.jar:/home/niels/.m2/repository/org/eclipse/emf/ecore/2.2.2/ecore-2.2.2.jar:/home/niels/.m2/repository/org/geotools/xsd/gt-xsd-gml2/2.6.1/gt-xsd-gml2-2.6.1.jar:/home/niels/.m2/repository/org/geotools/gt-xml/2.6.1/gt-xml-2.6.1.jar:/home/niels/.m2/repository/org/geotools/gt-geotiff/2.6.1/gt-geotiff-2.6.1.jar:/home/niels/.m2/repository/it/geosolutions/imageio-ext/imageio-ext-tiff/1.0.5/imageio-ext-tiff-1.0.5.jar:/home/niels/.m2/repository/org/n52/wps/gmlpacket-2.0/0.4/gmlpacket-2.0-0.4.jar:/home/niels/.m2/repository/commons-io/commons-io/1.3.1/commons-io-1.3.1.jar:/home/niels/.m2/repository/org/n52/wps/52n-wps-commons/2.0-rc5-SNAPSHOT/52n-wps-commons-2.0-rc5-SNAPSHOT.jar:/home/niels/.m2/repository/org/n52/wps/52n-wps-config/1.0.1/52n-wps-config-1.0.1.jar:/home/niels/.m2/repository/org/apache/xmlbeans/xmlbeans/2.4.0/xmlbeans-2.4.0.jar:/home/niels/.m2/repository/stax/stax-api/1.0.1/stax-api-1.0.1.jar:/home/niels/.m2/repository/javax/xml/bind/jsr173_api/1.0/jsr173_api-1.0.jar:/home/niels/.m2/repository/org/n52/wps/ogckml2.2/1.0.0/ogckml2.2-1.0.0.jar:/home/niels/.m2/repository/axis/axis/1.4/axis-1.4.jar:/home/niels/.m2/repository/axis/axis-jaxrpc/1.4/axis-jaxrpc-1.4.jar:/home/niels/.m2/repository/axis/axis-saaj/1.4/axis-saaj-1.4.jar:/home/niels/.m2/repository/axis/axis-wsdl4j/1.5.1/axis-wsdl4j-1.5.1.jar:/home/niels/.m2/repository/commons-discovery/commons-discovery/0.2/commons-discovery-0.2.jar:/home/niels/.m2/repository/org/geotools/gt-shapefile/2.6.1/gt-shapefile-2.6.1.jar:/home/niels/.m2/repository/xalan/xalan/2.7.1/xalan-2.7.1.jar:/home/niels/.m2/repository/xalan/serializer/2.7.1/serializer-2.7.1.jar:/home/niels/.m2/repository/org/n52/wps/52n-wps-server/2.0-rc5-SNAPSHOT/52n-wps-server-2.0-rc5-SNAPSHOT.jar:/home/niels/.m2/repository/org/n52/wps/52n-wps-xml/1.0.0/52n-wps-xml-1.0.0.jar:/home/niels/.m2/repository/org/apache/derby/derby/10.2.2.0/derby-10.2.2.0.jar:/home/niels/.m2/repository/org/apache/axis2/axis2/1.5/axis2-1.5.jar:/home/niels/.m2/repository/org/apache/ws/commons/axiom/axiom-impl/1.2.8/axiom-impl-1.2.8.jar:/home/niels/.m2/repository/org/apache/ws/commons/axiom/axiom-api/1.2.8/axiom-api-1.2.8.jar:/home/niels/.m2/repository/org/apache/geronimo/specs/geronimo-activation_1.1_spec/1.0.1/geronimo-activation_1.1_spec-1.0.1.jar:/home/niels/.m2/repository/org/apache/geronimo/specs/geronimo-javamail_1.4_spec/1.2/geronimo-javamail_1.4_spec-1.2.jar:/home/niels/.m2/repository/jaxen/jaxen/1.1.1/jaxen-1.1.1.jar:/home/niels/.m2/repository/org/apache/geronimo/specs/geronimo-stax-api_1.0_spec/1.0.1/geronimo-stax-api_1.0_spec-1.0.1.jar:/home/niels/.m2/repository/org/codehaus/woodstox/wstx-asl/3.2.4/wstx-asl-3.2.4.jar:/home/niels/.m2/repository/org/apache/ws/commons/axiom/axiom-dom/1.2.8/axiom-dom-1.2.8.jar:/home/niels/.m2/repository/org/apache/rampart/rampart-core/1.4/rampart-core-1.4.jar:/home/niels/.m2/repository/org/apache/rampart/rampart-policy/1.4/rampart-policy-1.4.jar:/home/niels/.m2/repository/org/apache/axis2/axis2-kernel/1.4/axis2-kernel-1.4.jar:/home/niels/.m2/repository/javax/servlet/servlet-api/2.3/servlet-api-2.3.jar:/home/niels/.m2/repository/commons-httpclient/commons-httpclient/3.1/commons-httpclient-3.1.jar:/home/niels/.m2/repository/commons-codec/commons-codec/1.3/commons-codec-1.3.jar:/home/niels/.m2/repository/commons-fileupload/commons-fileupload/1.2/commons-fileupload-1.2.jar:/home/niels/.m2/repository/org/apache/httpcomponents/httpcore/4.0-beta1/httpcore-4.0-beta1.jar:/home/niels/.m2/repository/org/apache/httpcomponents/httpcore-nio/4.0-beta1/httpcore-nio-4.0-beta1.jar:/home/niels/.m2/repository/wsdl4j/wsdl4j/1.6.2/wsdl4j-1.6.2.jar:/home/niels/.m2/repository/backport-util-concurrent/backport-util-concurrent/3.1/backport-util-concurrent-3.1.jar:/home/niels/.m2/repository/org/apache/ws/commons/schema/XmlSchema/1.4.2/XmlSchema-1.4.2.jar:/home/niels/.m2/repository/org/apache/neethi/neethi/2.0.4/neethi-2.0.4.jar:/home/niels/.m2/repository/org/apache/woden/woden-api/1.0M8/woden-api-1.0M8.jar:/home/niels/.m2/repository/org/apache/ant/ant/1.7.0/ant-1.7.0.jar:/home/niels/.m2/repository/org/apache/ant/ant-launcher/1.7.0/ant-launcher-1.7.0.jar:/home/niels/.m2/repository/xerces/xmlParserAPIs/2.6.0/xmlParserAPIs-2.6.0.jar:/home/niels/.m2/repository/org/apache/woden/woden-impl-dom/1.0M8/woden-impl-dom-1.0M8.jar:/home/niels/.m2/repository/annogen/annogen/0.1.0/annogen-0.1.0.jar:/home/niels/.m2/repository/org/apache/geronimo/specs/geronimo-jms_1.1_spec/1.1/geronimo-jms_1.1_spec-1.1.jar:/home/niels/.m2/repository/javax/mail/mail/1.4/mail-1.4.jar:/home/niels/.m2/repository/javax/activation/activation/1.1/activation-1.1.jar:/home/niels/.m2/repository/org/apache/axis2/axis2-codegen/1.4/axis2-codegen-1.4.jar:/home/niels/.m2/repository/org/apache/axis2/axis2-adb/1.4/axis2-adb-1.4.jar:/home/niels/.m2/repository/org/apache/axis2/axis2-xmlbeans/1.4/axis2-xmlbeans-1.4.jar:/home/niels/.m2/repository/org/apache/axis2/axis2-adb-codegen/1.4/axis2-adb-codegen-1.4.jar:/home/niels/.m2/repository/org/apache/axis2/mex/1.4/mex-1.4-impl.jar:/home/niels/.m2/repository/org/apache/axis2/axis2-mtompolicy/1.4/axis2-mtompolicy-1.4.jar:/home/niels/.m2/repository/org/apache/ws/security/wss4j/1.5.4/wss4j-1.5.4.jar:/home/niels/.m2/repository/org/apache/santuario/xmlsec/1.4.1/xmlsec-1.4.1.jar:/home/niels/.m2/repository/org/apache/axis/axis-ant/1.4/axis-ant-1.4.jar:/home/niels/.m2/repository/junit/junit/3.8.1/junit-3.8.1.jar:/home/niels/.m2/repository/bouncycastle/bcprov-jdk13/132/bcprov-jdk13-132.jar:/home/niels/.m2/repository/org/apache/rampart/rampart-trust/1.4/rampart-trust-1.4.jar:"/>
    <property name="java.vm.specification.version" value="1.0"/>
    <property name="sun.arch.data.model" value="64"/>
    <property name="java.home" value="/usr/lib/jvm/java-6-sun-1.6.0.20/jre"/>
    <property name="java.specification.vendor" value="Sun Microsystems Inc."/>
    <property name="user.language" value="en"/>
    <property name="java.vm.info" value="mixed mode"/>
    <property name="java.version" value="1.6.0_20"/>
    <property name="java.ext.dirs" value="/usr/lib/jvm/java-6-sun-1.6.0.20/jre/lib/ext:/usr/java/packages/lib/ext"/>
    <property name="sun.boot.class.path" value="/usr/lib/jvm/java-6-sun-1.6.0.20/jre/lib/resources.jar:/usr/lib/jvm/java-6-sun-1.6.0.20/jre/lib/rt.jar:/usr/lib/jvm/java-6-sun-1.6.0.20/jre/lib/sunrsasign.jar:/usr/lib/jvm/java-6-sun-1.6.0.20/jre/lib/jsse.jar:/usr/lib/jvm/java-6-sun-1.6.0.20/jre/lib/jce.jar:/usr/lib/jvm/java-6-sun-1.6.0.20/jre/lib/charsets.jar:/usr/lib/jvm/java-6-sun-1.6.0.20/jre/classes"/>
    <property name="java.vendor" value="Sun Microsystems Inc."/>
    <property name="localRepository" value="/home/niels/.m2/repository"/>
    <property name="file.separator" value="/"/>
    <property name="java.vendor.url.bug" value="http://java.sun.com/cgi-bin/bugreport.cgi"/>
    <property name="sun.cpu.endian" value="little"/>
    <property name="sun.io.unicode.encoding" value="UnicodeLittle"/>
    <property name="sun.desktop" value="gnome"/>
    <property name="sun.cpu.isalist" value=""/>
  </properties>
  <testcase time="0.005" classname="tikouka.nl.wps.soildemo.AppTest" name="testApp"/>
</testsuite>